<?xml version="1.0" encoding="UTF-8"?>
<testng-results skipped="0" failed="0" ignored="0" total="1" passed="1">
  <reporter-output>
  </reporter-output>
  <suite name="Techlistic Application Automation Test Suite" duration-ms="48126" started-at="2020-08-06T00:00:37 IST" finished-at="2020-08-06T00:01:25 IST">
    <groups>
    </groups>
    <test name="Place An Order" duration-ms="48126" started-at="2020-08-06T00:00:37 IST" finished-at="2020-08-06T00:01:25 IST">
      <class name="com.techlistic.testcase.TechlisticOrder">
        <test-method status="PASS" signature="setExtentReport()[pri:0, instance:com.techlistic.testcase.TechlisticOrder@72b6cbcc]" name="setExtentReport" is-config="true" duration-ms="507" started-at="2020-08-06T00:00:37 IST" finished-at="2020-08-06T00:00:37 IST">
          <reporter-output>
          </reporter-output>
        </test-method> <!-- setExtentReport -->
        <test-method status="PASS" signature="setUpTest()[pri:0, instance:com.techlistic.testcase.TechlisticOrder@72b6cbcc]" name="setUpTest" is-config="true" duration-ms="17790" started-at="2020-08-06T00:00:37 IST" finished-at="2020-08-06T00:00:55 IST">
          <reporter-output>
          </reporter-output>
        </test-method> <!-- setUpTest -->
        <test-method status="PASS" signature="placeAnOrder()[pri:0, instance:com.techlistic.testcase.TechlisticOrder@72b6cbcc]" name="placeAnOrder" duration-ms="28024" started-at="2020-08-06T00:00:55 IST" finished-at="2020-08-06T00:01:23 IST">
          <reporter-output>
          </reporter-output>
        </test-method> <!-- placeAnOrder -->
        <test-method status="PASS" signature="teardown(org.testng.ITestResult)[pri:0, instance:com.techlistic.testcase.TechlisticOrder@72b6cbcc]" name="teardown" is-config="true" duration-ms="1320" started-at="2020-08-06T00:01:23 IST" finished-at="2020-08-06T00:01:24 IST">
          <params>
            <param index="0">
              <value>
                <![CDATA[[TestResult name=placeAnOrder status=SUCCESS method=TechlisticOrder.placeAnOrder()[pri:0, instance:com.techlistic.testcase.TechlisticOrder@72b6cbcc] output={null}]]]>
              </value>
            </param>
          </params>
          <reporter-output>
          </reporter-output>
        </test-method> <!-- teardown -->
        <test-method status="PASS" signature="endreport()[pri:0, instance:com.techlistic.testcase.TechlisticOrder@72b6cbcc]" name="endreport" is-config="true" duration-ms="434" started-at="2020-08-06T00:01:24 IST" finished-at="2020-08-06T00:01:25 IST">
          <reporter-output>
          </reporter-output>
        </test-method> <!-- endreport -->
      </class> <!-- com.techlistic.testcase.TechlisticOrder -->
    </test> <!-- Place An Order -->
  </suite> <!-- Techlistic Application Automation Test Suite -->
</testng-results>
